c:\users\user\desktop\everything\courses\visual studio\a painful thing\a painful thing\x64\debug\vc143.pdb
c:\users\user\desktop\everything\courses\visual studio\a painful thing\a painful thing\x64\debug\vc143.idb
c:\users\user\desktop\everything\courses\visual studio\a painful thing\a painful thing\x64\debug\utils.obj
c:\users\user\desktop\everything\courses\visual studio\a painful thing\a painful thing\x64\debug\streamable.obj
c:\users\user\desktop\everything\courses\visual studio\a painful thing\a painful thing\x64\debug\publicationselector.obj
c:\users\user\desktop\everything\courses\visual studio\a painful thing\a painful thing\x64\debug\publication.obj
c:\users\user\desktop\everything\courses\visual studio\a painful thing\a painful thing\x64\debug\menu.obj
c:\users\user\desktop\everything\courses\visual studio\a painful thing\a painful thing\x64\debug\libappmain.obj
c:\users\user\desktop\everything\courses\visual studio\a painful thing\a painful thing\x64\debug\libapp.obj
c:\users\user\desktop\everything\courses\visual studio\a painful thing\a painful thing\x64\debug\date.obj
c:\users\user\desktop\everything\courses\visual studio\a painful thing\a painful thing\x64\debug\book.obj
c:\users\user\desktop\everything\courses\visual studio\a painful thing\a painful thing\x64\debug\a painful thing.ilk
c:\users\user\desktop\everything\courses\visual studio\a painful thing\x64\debug\a painful thing.pdb
c:\users\user\desktop\everything\courses\visual studio\a painful thing\x64\debug\a painful thing.exe
c:\users\user\desktop\everything\courses\visual studio\a painful thing\a painful thing\x64\debug\a painful thing.tlog\cl.command.1.tlog
c:\users\user\desktop\everything\courses\visual studio\a painful thing\a painful thing\x64\debug\a painful thing.tlog\cl.items.tlog
c:\users\user\desktop\everything\courses\visual studio\a painful thing\a painful thing\x64\debug\a painful thing.tlog\cl.read.1.tlog
c:\users\user\desktop\everything\courses\visual studio\a painful thing\a painful thing\x64\debug\a painful thing.tlog\cl.write.1.tlog
c:\users\user\desktop\everything\courses\visual studio\a painful thing\a painful thing\x64\debug\a painful thing.tlog\link.command.1.tlog
c:\users\user\desktop\everything\courses\visual studio\a painful thing\a painful thing\x64\debug\a painful thing.tlog\link.read.1.tlog
c:\users\user\desktop\everything\courses\visual studio\a painful thing\a painful thing\x64\debug\a painful thing.tlog\link.secondary.1.tlog
c:\users\user\desktop\everything\courses\visual studio\a painful thing\a painful thing\x64\debug\a painful thing.tlog\link.write.1.tlog
